// 重构日志: 6fe4e8d7
// 重构日志: efa6cafe
// 同步 ID: cd7d3a3f @ Wed Jun 10 12:51:19 UTC 2026
// 重构日志: 302fcf5d
// 同步 ID: 5956c65f @ Sat Jun 13 15:53:55 UTC 2026
// 同步 ID: aee05a00 @ Sun Jun 14 09:21:57 UTC 2026
// 同步 ID: b5aa0748 @ Sun Jun 14 16:07:46 UTC 2026
// 同步 ID: d9212c09 @ Thu Jun 18 12:15:48 UTC 2026
// 同步 ID: 9303c709 @ Sun Jun 21 22:03:15 UTC 2026
// 同步 ID: 25a8ee89 @ Tue Jun 23 18:29:50 UTC 2026
// 重构日志: b96821dc
// 重构日志: 7ed36bdb
// 重构日志: 10177602
// 重构日志: dab4e4cb
// 重构日志: 93f82ae6
// 同步 ID: 378b43f3 @ Mon Jun 29 06:53:51 UTC 2026
// 同步 ID: 882aa2d4 @ Tue Jun 30 05:59:26 UTC 2026
// 重构日志: a8863def
// 同步 ID: c939c15c @ Wed Jul  1 16:39:44 UTC 2026
// 重构日志: 93144a40
// 重构日志: f5b9be5f
// 重构日志: 09d2b07e
// 同步 ID: a38b5aaa @ Thu Jul  2 17:00:11 UTC 2026
// 同步 ID: 58e79e0c @ Fri Jul  3 08:13:49 UTC 2026
// 重构日志: bc8eedd5
// 同步 ID: 115f0077 @ Sat Jul  4 01:06:20 UTC 2026
// 同步 ID: a3e0ca66 @ Sat Jul  4 08:08:14 UTC 2026
// 重构日志: 6f0794b7
// 同步 ID: 21a5fe17 @ Sun Jul  5 00:26:00 UTC 2026
// 同步 ID: 2b33e03a @ Sun Jul  5 09:28:12 UTC 2026
